<?xml version="1.0" encoding="UTF-8"?>
<!-- Generated by org.testng.reporters.JUnitReportReporter -->
<testsuite hostname="Desktop-Monitor-2nd-Floor-Room3" failures="0" tests="1" name="com.spotify.testscript.AlbumModule" time="26.132" errors="0" timestamp="2024-08-25T14:02:53 IST" skipped="0">
  <testcase classname="com.spotify.testscript.AlbumModule" name="createEditDeleteAlbum" time="26.132">
    <system-out>
      <![CDATA[createEditDeleteAlbum has been passed]]>
    </system-out>
  </testcase> <!-- createEditDeleteAlbum -->
  <system-out>
    <![CDATA[createEditDeleteAlbum has been passed]]>
  </system-out>
</testsuite> <!-- com.spotify.testscript.AlbumModule -->
